  [1m[35m (4.0ms)[0m  [1m[35mCREATE TABLE "schema_migrations" ("version" varchar NOT NULL PRIMARY KEY)[0m
  [1m[35m (0.3ms)[0m  [1m[35mCREATE TABLE "ar_internal_metadata" ("key" varchar NOT NULL PRIMARY KEY, "value" varchar, "created_at" datetime(6) NOT NULL, "updated_at" datetime(6) NOT NULL)[0m
  [1m[36mActiveRecord::InternalMetadata Load (0.2ms)[0m  [1m[34mSELECT * FROM "ar_internal_metadata" WHERE "ar_internal_metadata"."key" = ? ORDER BY "ar_internal_metadata"."key" ASC LIMIT 1[0m  [[nil, "environment"]]
  [1m[36mActiveRecord::InternalMetadata Create (0.2ms)[0m  [1m[32mINSERT INTO "ar_internal_metadata" ("key", "value", "created_at", "updated_at") VALUES ('environment', 'development', '2024-09-10 21:35:36.859216', '2024-09-10 21:35:36.859221') RETURNING "key"[0m
  [1m[36mActiveRecord::SchemaMigration Load (0.1ms)[0m  [1m[34mSELECT "schema_migrations"."version" FROM "schema_migrations" ORDER BY "schema_migrations"."version" ASC[0m
Migrating to CreateEstudiantes (20240910213520)
  [1m[36mTRANSACTION (0.1ms)[0m  [1m[36mbegin transaction[0m
  [1m[35m (1.4ms)[0m  [1m[35mCREATE TABLE "estudiantes" ("id" integer PRIMARY KEY AUTOINCREMENT NOT NULL, "nombres" varchar, "apellidos" varchar, "carrera" varchar, "carnet" varchar, "fecha_de_nacimiento" date, "edad" integer, "celular" varchar, "created_at" datetime(6) NOT NULL, "updated_at" datetime(6) NOT NULL)[0m
  [1m[36mActiveRecord::SchemaMigration Create (0.1ms)[0m  [1m[32mINSERT INTO "schema_migrations" ("version") VALUES ('20240910213520') RETURNING "version"[0m
  [1m[36mTRANSACTION (0.1ms)[0m  [1m[36mcommit transaction[0m
  [1m[36mActiveRecord::SchemaMigration Load (0.1ms)[0m  [1m[34mSELECT "schema_migrations"."version" FROM "schema_migrations" ORDER BY "schema_migrations"."version" ASC[0m
Started GET "/" for 127.0.0.1 at 2024-09-10 15:39:23 -0600
  [1m[36mActiveRecord::SchemaMigration Load (0.2ms)[0m  [1m[34mSELECT "schema_migrations"."version" FROM "schema_migrations" ORDER BY "schema_migrations"."version" ASC[0m
  
ActionController::RoutingError (uninitialized constant PosestudiantesController

      Object.const_get(camel_cased_word)
            ^^^^^^^^^^

            raise MissingController.new(error.message, error.name)
            ^^^^^):

Causes:
ActionDispatch::MissingController (uninitialized constant PosestudiantesController

      Object.const_get(camel_cased_word)
            ^^^^^^^^^^

            raise MissingController.new(error.message, error.name)
            ^^^^^)
NameError (uninitialized constant PosestudiantesController

      Object.const_get(camel_cased_word)
            ^^^^^^^^^^)
  
Started GET "/favicon.ico" for 127.0.0.1 at 2024-09-10 15:39:29 -0600
  
ActionController::RoutingError (No route matches [GET] "/favicon.ico"):
  
Started GET "/" for 127.0.0.1 at 2024-09-10 15:40:30 -0600
Processing by EstudiantesController#index as HTML
  Rendering public/406-unsupported-browser.html
  Rendered public/406-unsupported-browser.html (Duration: 1.1ms | GC: 0.0ms)
Filter chain halted as #<Proc:0x00007fba7e6e3698 /root/.rbenv/versions/3.1.2/lib/ruby/gems/3.1.0/gems/actionpack-7.2.1/lib/action_controller/metal/allow_browser.rb:48 (lambda)> rendered or redirected
Completed 406 Not Acceptable in 291ms (Views: 14.7ms | ActiveRecord: 0.0ms (0 queries, 0 cached) | GC: 0.6ms)


Started GET "/favicon.ico" for 127.0.0.1 at 2024-09-10 15:40:31 -0600
  
ActionController::RoutingError (No route matches [GET] "/favicon.ico"):
  
Started GET "/" for ::1 at 2024-09-10 15:40:52 -0600
Processing by EstudiantesController#index as HTML
  Rendering layout layouts/application.html.erb
  Rendering estudiantes/index.html.erb within layouts/application
  [1m[36mEstudiante Load (18.7ms)[0m  [1m[34mSELECT "estudiantes".* FROM "estudiantes"[0m
  ↳ app/views/estudiantes/index.html.erb:8
  Rendered estudiantes/index.html.erb within layouts/application (Duration: 31.7ms | GC: 0.3ms)
  Rendered layout layouts/application.html.erb (Duration: 2186.4ms | GC: 81.9ms)
Completed 200 OK in 2558ms (Views: 2165.8ms | ActiveRecord: 23.7ms (1 query, 0 cached) | GC: 83.3ms)


Started GET "/manifest.json" for ::1 at 2024-09-10 15:40:56 -0600
Processing by Rails::PwaController#manifest as JSON
  Rendering pwa/manifest.json.erb
  Rendered pwa/manifest.json.erb (Duration: 2.6ms | GC: 0.0ms)
Completed 200 OK in 9ms (Views: 8.7ms | ActiveRecord: 0.0ms (0 queries, 0 cached) | GC: 0.0ms)


Started GET "/estudiantes/new" for ::1 at 2024-09-10 15:40:57 -0600
Processing by EstudiantesController#new as HTML
  Rendering layout layouts/application.html.erb
  Rendering estudiantes/new.html.erb within layouts/application
  Rendered estudiantes/_form.html.erb (Duration: 66.6ms | GC: 1.4ms)
  Rendered estudiantes/new.html.erb within layouts/application (Duration: 72.0ms | GC: 1.4ms)
  Rendered layout layouts/application.html.erb (Duration: 74.2ms | GC: 1.4ms)
Completed 200 OK in 93ms (Views: 75.3ms | ActiveRecord: 0.8ms (0 queries, 0 cached) | GC: 2.6ms)


Started POST "/estudiantes" for ::1 at 2024-09-10 15:42:30 -0600
Processing by EstudiantesController#create as TURBO_STREAM
  Parameters: {"authenticity_token"=>"[FILTERED]", "estudiante"=>{"nombres"=>"Luis Adolfo", "apellidos"=>"Diaz Mendoza", "carrera"=>"TELEMATICA", "carnet"=>"18-00602-0", "fecha_de_nacimiento"=>"2001-05-17", "edad"=>"23", "celular"=>"83208862"}, "commit"=>"Create Estudiante"}
  Rendering layout layouts/application.html.erb
  Rendering estudiantes/new.html.erb within layouts/application
  Rendered estudiantes/_form.html.erb (Duration: 7.0ms | GC: 0.2ms)
  Rendered estudiantes/new.html.erb within layouts/application (Duration: 8.3ms | GC: 0.2ms)
  Rendered layout layouts/application.html.erb (Duration: 11.5ms | GC: 0.2ms)
Completed 422 Unprocessable Content in 15ms (Views: 12.2ms | ActiveRecord: 0.0ms (0 queries, 0 cached) | GC: 0.4ms)


Started GET "/estudiantes/new" for ::1 at 2024-09-10 15:43:38 -0600
Processing by EstudiantesController#new as HTML
  Rendering layout layouts/application.html.erb
  Rendering estudiantes/new.html.erb within layouts/application
  Rendered estudiantes/_form.html.erb (Duration: 4.5ms | GC: 0.2ms)
  Rendered estudiantes/new.html.erb within layouts/application (Duration: 5.9ms | GC: 0.2ms)
  Rendered layout layouts/application.html.erb (Duration: 43.2ms | GC: 3.4ms)
Completed 200 OK in 80ms (Views: 46.6ms | ActiveRecord: 1.2ms (0 queries, 0 cached) | GC: 22.0ms)


Started GET "/manifest.json" for ::1 at 2024-09-10 15:43:39 -0600
Processing by Rails::PwaController#manifest as JSON
  Rendering pwa/manifest.json.erb
  Rendered pwa/manifest.json.erb (Duration: 2.7ms | GC: 0.0ms)
Completed 200 OK in 5ms (Views: 4.7ms | ActiveRecord: 0.0ms (0 queries, 0 cached) | GC: 0.0ms)


Started GET "/estudiantes" for ::1 at 2024-09-10 15:44:47 -0600
Processing by EstudiantesController#index as HTML
  Rendering layout layouts/application.html.erb
  Rendering estudiantes/index.html.erb within layouts/application
  [1m[36mEstudiante Load (0.4ms)[0m  [1m[34mSELECT "estudiantes".* FROM "estudiantes"[0m
  ↳ app/views/estudiantes/index.html.erb:8
  Rendered estudiantes/index.html.erb within layouts/application (Duration: 15.0ms | GC: 0.3ms)
  Rendered layout layouts/application.html.erb (Duration: 25.9ms | GC: 0.3ms)
Completed 200 OK in 32ms (Views: 29.1ms | ActiveRecord: 0.3ms (1 query, 0 cached) | GC: 0.3ms)


Started POST "/estudiantes" for ::1 at 2024-09-10 15:45:05 -0600
Processing by EstudiantesController#create as TURBO_STREAM
  Parameters: {"authenticity_token"=>"[FILTERED]", "estudiante"=>{"nombres"=>"Luis Adolfo", "apellidos"=>"Diaz Mendoza", "carrera"=>"TELEMATICA", "carnet"=>"18-00602-0", "fecha_de_nacimiento"=>"2001-05-17", "edad"=>"23", "celular"=>"83208862"}, "commit"=>"Create Estudiante"}
  [1m[36mTRANSACTION (0.1ms)[0m  [1m[36mbegin transaction[0m
  ↳ app/controllers/estudiantes_controller.rb:27:in `block in create'
  [1m[36mEstudiante Create (4.6ms)[0m  [1m[32mINSERT INTO "estudiantes" ("nombres", "apellidos", "carrera", "carnet", "fecha_de_nacimiento", "edad", "celular", "created_at", "updated_at") VALUES (?, ?, ?, ?, ?, ?, ?, ?, ?) RETURNING "id"[0m  [["nombres", "Luis Adolfo"], ["apellidos", "Diaz Mendoza"], ["carrera", "TELEMATICA"], ["carnet", "18-00602-0"], ["fecha_de_nacimiento", "2001-05-17"], ["edad", 23], ["celular", "83208862"], ["created_at", "2024-09-10 21:45:05.107681"], ["updated_at", "2024-09-10 21:45:05.107681"]]
  ↳ app/controllers/estudiantes_controller.rb:27:in `block in create'
  [1m[36mTRANSACTION (5.4ms)[0m  [1m[36mcommit transaction[0m
  ↳ app/controllers/estudiantes_controller.rb:27:in `block in create'
Redirected to http://localhost:3000/estudiantes/1
Completed 302 Found in 22ms (ActiveRecord: 10.0ms (1 query, 0 cached) | GC: 0.3ms)


Started GET "/estudiantes/1" for ::1 at 2024-09-10 15:45:05 -0600
Processing by EstudiantesController#show as TURBO_STREAM
  Parameters: {"id"=>"1"}
  [1m[36mEstudiante Load (0.2ms)[0m  [1m[34mSELECT "estudiantes".* FROM "estudiantes" WHERE "estudiantes"."id" = ? LIMIT ?[0m  [["id", 1], ["LIMIT", 1]]
  ↳ app/controllers/estudiantes_controller.rb:63:in `set_estudiante'
  Rendering layout layouts/application.html.erb
  Rendering estudiantes/show.html.erb within layouts/application
  Rendered estudiantes/_estudiante.html.erb (Duration: 1.1ms | GC: 0.0ms)
  Rendered estudiantes/show.html.erb within layouts/application (Duration: 9.0ms | GC: 0.2ms)
  Rendered layout layouts/application.html.erb (Duration: 11.7ms | GC: 0.2ms)
Completed 200 OK in 32ms (Views: 12.4ms | ActiveRecord: 0.2ms (1 query, 0 cached) | GC: 0.8ms)


Started GET "/estudiantes" for ::1 at 2024-09-10 15:45:10 -0600
Processing by EstudiantesController#index as HTML
  Rendering layout layouts/application.html.erb
  Rendering estudiantes/index.html.erb within layouts/application
  [1m[36mEstudiante Load (0.1ms)[0m  [1m[34mSELECT "estudiantes".* FROM "estudiantes"[0m
  ↳ app/views/estudiantes/index.html.erb:8
  Rendered estudiantes/_estudiante.html.erb (Duration: 0.1ms | GC: 0.0ms)
  Rendered estudiantes/index.html.erb within layouts/application (Duration: 3.2ms | GC: 0.0ms)
  Rendered layout layouts/application.html.erb (Duration: 7.0ms | GC: 0.3ms)
Completed 200 OK in 9ms (Views: 7.6ms | ActiveRecord: 0.1ms (1 query, 0 cached) | GC: 0.4ms)


Started GET "/estudiantes" for ::1 at 2024-09-10 15:45:11 -0600
Processing by EstudiantesController#index as HTML
  Rendering layout layouts/application.html.erb
  Rendering estudiantes/index.html.erb within layouts/application
  [1m[36mEstudiante Load (0.1ms)[0m  [1m[34mSELECT "estudiantes".* FROM "estudiantes"[0m
  ↳ app/views/estudiantes/index.html.erb:8
  Rendered estudiantes/_estudiante.html.erb (Duration: 0.1ms | GC: 0.0ms)
  Rendered estudiantes/index.html.erb within layouts/application (Duration: 3.2ms | GC: 0.0ms)
  Rendered layout layouts/application.html.erb (Duration: 8.1ms | GC: 0.0ms)
Completed 200 OK in 9ms (Views: 8.7ms | ActiveRecord: 0.1ms (1 query, 0 cached) | GC: 0.1ms)


Started GET "/estudiantes/1/edit" for ::1 at 2024-09-10 15:45:20 -0600
Processing by EstudiantesController#edit as HTML
  Parameters: {"id"=>"1"}
  [1m[36mEstudiante Load (0.1ms)[0m  [1m[34mSELECT "estudiantes".* FROM "estudiantes" WHERE "estudiantes"."id" = ? LIMIT ?[0m  [["id", 1], ["LIMIT", 1]]
  ↳ app/controllers/estudiantes_controller.rb:63:in `set_estudiante'
  Rendering layout layouts/application.html.erb
  Rendering estudiantes/edit.html.erb within layouts/application
  Rendered estudiantes/_form.html.erb (Duration: 4.2ms | GC: 0.0ms)
  Rendered estudiantes/edit.html.erb within layouts/application (Duration: 5.4ms | GC: 0.0ms)
  Rendered layout layouts/application.html.erb (Duration: 8.5ms | GC: 0.0ms)
Completed 200 OK in 13ms (Views: 9.1ms | ActiveRecord: 0.1ms (1 query, 0 cached) | GC: 0.0ms)


Started GET "/estudiantes" for ::1 at 2024-09-10 15:45:21 -0600
Processing by EstudiantesController#index as HTML
  Rendering layout layouts/application.html.erb
  Rendering estudiantes/index.html.erb within layouts/application
  [1m[36mEstudiante Load (0.1ms)[0m  [1m[34mSELECT "estudiantes".* FROM "estudiantes"[0m
  ↳ app/views/estudiantes/index.html.erb:8
  Rendered estudiantes/_estudiante.html.erb (Duration: 0.2ms | GC: 0.0ms)
  Rendered estudiantes/index.html.erb within layouts/application (Duration: 6.7ms | GC: 0.0ms)
  Rendered layout layouts/application.html.erb (Duration: 11.6ms | GC: 0.0ms)
Completed 200 OK in 15ms (Views: 13.1ms | ActiveRecord: 0.1ms (1 query, 0 cached) | GC: 0.0ms)


Started GET "/estudiantes/new" for ::1 at 2024-09-10 15:45:23 -0600
Processing by EstudiantesController#new as HTML
  Rendering layout layouts/application.html.erb
  Rendering estudiantes/new.html.erb within layouts/application
  Rendered estudiantes/_form.html.erb (Duration: 3.1ms | GC: 0.0ms)
  Rendered estudiantes/new.html.erb within layouts/application (Duration: 6.3ms | GC: 0.0ms)
  Rendered layout layouts/application.html.erb (Duration: 9.5ms | GC: 0.0ms)
Completed 200 OK in 11ms (Views: 10.3ms | ActiveRecord: 0.0ms (0 queries, 0 cached) | GC: 0.0ms)


Started GET "/estudiantes/1" for ::1 at 2024-09-10 15:45:23 -0600
Processing by EstudiantesController#show as HTML
  Parameters: {"id"=>"1"}
  [1m[36mEstudiante Load (0.2ms)[0m  [1m[34mSELECT "estudiantes".* FROM "estudiantes" WHERE "estudiantes"."id" = ? LIMIT ?[0m  [["id", 1], ["LIMIT", 1]]
  ↳ app/controllers/estudiantes_controller.rb:63:in `set_estudiante'
  Rendering layout layouts/application.html.erb
  Rendering estudiantes/show.html.erb within layouts/application
  Rendered estudiantes/_estudiante.html.erb (Duration: 0.1ms | GC: 0.0ms)
  Rendered estudiantes/show.html.erb within layouts/application (Duration: 1.5ms | GC: 0.0ms)
  Rendered layout layouts/application.html.erb (Duration: 4.1ms | GC: 0.0ms)
Completed 200 OK in 8ms (Views: 4.6ms | ActiveRecord: 0.1ms (1 query, 0 cached) | GC: 0.0ms)


Started GET "/estudiantes/new" for ::1 at 2024-09-10 15:45:24 -0600
Processing by EstudiantesController#new as HTML
  Rendering layout layouts/application.html.erb
  Rendering estudiantes/new.html.erb within layouts/application
  Rendered estudiantes/_form.html.erb (Duration: 2.8ms | GC: 0.0ms)
  Rendered estudiantes/new.html.erb within layouts/application (Duration: 3.2ms | GC: 0.0ms)
  Rendered layout layouts/application.html.erb (Duration: 5.3ms | GC: 0.0ms)
Completed 200 OK in 7ms (Views: 5.8ms | ActiveRecord: 0.0ms (0 queries, 0 cached) | GC: 0.0ms)


Started GET "/estudiantes/1" for ::1 at 2024-09-10 15:45:25 -0600
Processing by EstudiantesController#show as HTML
  Parameters: {"id"=>"1"}
  [1m[36mEstudiante Load (0.1ms)[0m  [1m[34mSELECT "estudiantes".* FROM "estudiantes" WHERE "estudiantes"."id" = ? LIMIT ?[0m  [["id", 1], ["LIMIT", 1]]
  ↳ app/controllers/estudiantes_controller.rb:63:in `set_estudiante'
  Rendering layout layouts/application.html.erb
  Rendering estudiantes/show.html.erb within layouts/application
  Rendered estudiantes/_estudiante.html.erb (Duration: 0.1ms | GC: 0.0ms)
  Rendered estudiantes/show.html.erb within layouts/application (Duration: 1.5ms | GC: 0.0ms)
  Rendered layout layouts/application.html.erb (Duration: 3.7ms | GC: 0.0ms)
Completed 200 OK in 6ms (Views: 4.3ms | ActiveRecord: 0.1ms (1 query, 0 cached) | GC: 0.0ms)


Started GET "/estudiantes/new" for ::1 at 2024-09-10 15:45:25 -0600
Processing by EstudiantesController#new as HTML
  Rendering layout layouts/application.html.erb
  Rendering estudiantes/new.html.erb within layouts/application
  Rendered estudiantes/_form.html.erb (Duration: 3.9ms | GC: 0.0ms)
  Rendered estudiantes/new.html.erb within layouts/application (Duration: 4.5ms | GC: 0.0ms)
  Rendered layout layouts/application.html.erb (Duration: 10.6ms | GC: 0.0ms)
Completed 200 OK in 13ms (Views: 11.3ms | ActiveRecord: 0.0ms (0 queries, 0 cached) | GC: 0.0ms)


Started GET "/estudiantes/new" for ::1 at 2024-09-10 15:45:26 -0600
Processing by EstudiantesController#new as HTML
  Rendering layout layouts/application.html.erb
  Rendering estudiantes/new.html.erb within layouts/application
  Rendered estudiantes/_form.html.erb (Duration: 6.0ms | GC: 0.0ms)
  Rendered estudiantes/new.html.erb within layouts/application (Duration: 6.7ms | GC: 0.0ms)
  Rendered layout layouts/application.html.erb (Duration: 9.2ms | GC: 0.0ms)
Completed 200 OK in 11ms (Views: 9.8ms | ActiveRecord: 0.0ms (0 queries, 0 cached) | GC: 0.0ms)


Started GET "/estudiantes/1" for ::1 at 2024-09-10 15:45:27 -0600
Processing by EstudiantesController#show as HTML
  Parameters: {"id"=>"1"}
  [1m[36mEstudiante Load (0.1ms)[0m  [1m[34mSELECT "estudiantes".* FROM "estudiantes" WHERE "estudiantes"."id" = ? LIMIT ?[0m  [["id", 1], ["LIMIT", 1]]
  ↳ app/controllers/estudiantes_controller.rb:63:in `set_estudiante'
  Rendering layout layouts/application.html.erb
  Rendering estudiantes/show.html.erb within layouts/application
  Rendered estudiantes/_estudiante.html.erb (Duration: 0.1ms | GC: 0.0ms)
  Rendered estudiantes/show.html.erb within layouts/application (Duration: 1.4ms | GC: 0.0ms)
  Rendered layout layouts/application.html.erb (Duration: 5.4ms | GC: 0.0ms)
Completed 200 OK in 9ms (Views: 5.8ms | ActiveRecord: 0.1ms (1 query, 0 cached) | GC: 0.0ms)


Started DELETE "/estudiantes/1" for ::1 at 2024-09-10 15:45:29 -0600
Processing by EstudiantesController#destroy as TURBO_STREAM
  Parameters: {"authenticity_token"=>"[FILTERED]", "id"=>"1"}
  [1m[36mEstudiante Load (0.1ms)[0m  [1m[34mSELECT "estudiantes".* FROM "estudiantes" WHERE "estudiantes"."id" = ? LIMIT ?[0m  [["id", 1], ["LIMIT", 1]]
  ↳ app/controllers/estudiantes_controller.rb:63:in `set_estudiante'
  [1m[36mTRANSACTION (4.1ms)[0m  [1m[36mbegin transaction[0m
  ↳ app/controllers/estudiantes_controller.rb:52:in `destroy'
  [1m[36mEstudiante Destroy (6.6ms)[0m  [1m[31mDELETE FROM "estudiantes" WHERE "estudiantes"."id" = ?[0m  [["id", 1]]
  ↳ app/controllers/estudiantes_controller.rb:52:in `destroy'
  [1m[36mTRANSACTION (0.4ms)[0m  [1m[36mcommit transaction[0m
  ↳ app/controllers/estudiantes_controller.rb:52:in `destroy'
Redirected to http://localhost:3000/estudiantes
Completed 302 Found in 16ms (ActiveRecord: 11.2ms (2 queries, 0 cached) | GC: 0.0ms)


Started GET "/estudiantes" for ::1 at 2024-09-10 15:45:29 -0600
Processing by EstudiantesController#index as TURBO_STREAM
  Rendering layout layouts/application.html.erb
  Rendering estudiantes/index.html.erb within layouts/application
  [1m[36mEstudiante Load (0.1ms)[0m  [1m[34mSELECT "estudiantes".* FROM "estudiantes"[0m
  ↳ app/views/estudiantes/index.html.erb:8
  Rendered estudiantes/index.html.erb within layouts/application (Duration: 2.2ms | GC: 0.0ms)
  Rendered layout layouts/application.html.erb (Duration: 6.4ms | GC: 0.0ms)
Completed 200 OK in 8ms (Views: 7.1ms | ActiveRecord: 0.1ms (1 query, 0 cached) | GC: 0.0ms)


Started GET "/estudiantes/new" for ::1 at 2024-09-10 15:45:31 -0600
Processing by EstudiantesController#new as HTML
  Rendering layout layouts/application.html.erb
  Rendering estudiantes/new.html.erb within layouts/application
  Rendered estudiantes/_form.html.erb (Duration: 4.4ms | GC: 0.0ms)
  Rendered estudiantes/new.html.erb within layouts/application (Duration: 8.2ms | GC: 0.0ms)
  Rendered layout layouts/application.html.erb (Duration: 12.6ms | GC: 0.0ms)
Completed 200 OK in 14ms (Views: 13.4ms | ActiveRecord: 0.0ms (0 queries, 0 cached) | GC: 0.0ms)


Started GET "/estudiantes/new" for ::1 at 2024-09-10 15:45:40 -0600
Processing by EstudiantesController#new as HTML
  Rendering layout layouts/application.html.erb
  Rendering estudiantes/new.html.erb within layouts/application
  Rendered estudiantes/_form.html.erb (Duration: 10.5ms | GC: 0.0ms)
  Rendered estudiantes/new.html.erb within layouts/application (Duration: 11.5ms | GC: 0.0ms)
  Rendered layout layouts/application.html.erb (Duration: 15.9ms | GC: 0.0ms)
Completed 200 OK in 25ms (Views: 18.2ms | ActiveRecord: 0.0ms (0 queries, 0 cached) | GC: 0.0ms)


Started GET "/estudiantes" for ::1 at 2024-09-10 15:45:44 -0600
Processing by EstudiantesController#index as HTML
  Rendering layout layouts/application.html.erb
  Rendering estudiantes/index.html.erb within layouts/application
  [1m[36mEstudiante Load (0.1ms)[0m  [1m[34mSELECT "estudiantes".* FROM "estudiantes"[0m
  ↳ app/views/estudiantes/index.html.erb:8
  Rendered estudiantes/index.html.erb within layouts/application (Duration: 2.9ms | GC: 0.0ms)
  Rendered layout layouts/application.html.erb (Duration: 6.6ms | GC: 0.0ms)
Completed 200 OK in 8ms (Views: 7.2ms | ActiveRecord: 0.1ms (1 query, 0 cached) | GC: 0.0ms)


Started POST "/estudiantes" for ::1 at 2024-09-10 15:47:32 -0600
Processing by EstudiantesController#create as TURBO_STREAM
  Parameters: {"authenticity_token"=>"[FILTERED]", "estudiante"=>{"nombres"=>"Harry Alexander", "apellidos"=>"Labreau Fuentes", "carrera"=>"TELEMATICA", "carnet"=>"20-04739-0", "fecha_de_nacimiento"=>"2001-12-09", "edad"=>"22", "celular"=>"57257258"}, "commit"=>"Create Estudiante"}
  [1m[36mTRANSACTION (0.1ms)[0m  [1m[36mbegin transaction[0m
  ↳ app/controllers/estudiantes_controller.rb:27:in `block in create'
  [1m[36mEstudiante Create (2.0ms)[0m  [1m[32mINSERT INTO "estudiantes" ("nombres", "apellidos", "carrera", "carnet", "fecha_de_nacimiento", "edad", "celular", "created_at", "updated_at") VALUES (?, ?, ?, ?, ?, ?, ?, ?, ?) RETURNING "id"[0m  [["nombres", "Harry Alexander"], ["apellidos", "Labreau Fuentes"], ["carrera", "TELEMATICA"], ["carnet", "20-04739-0"], ["fecha_de_nacimiento", "2001-12-09"], ["edad", 22], ["celular", "57257258"], ["created_at", "2024-09-10 21:47:32.758554"], ["updated_at", "2024-09-10 21:47:32.758554"]]
  ↳ app/controllers/estudiantes_controller.rb:27:in `block in create'
  [1m[36mTRANSACTION (0.5ms)[0m  [1m[36mcommit transaction[0m
  ↳ app/controllers/estudiantes_controller.rb:27:in `block in create'
Redirected to http://localhost:3000/estudiantes/2
Completed 302 Found in 9ms (ActiveRecord: 2.5ms (1 query, 0 cached) | GC: 0.0ms)


Started GET "/estudiantes/2" for ::1 at 2024-09-10 15:47:32 -0600
Processing by EstudiantesController#show as TURBO_STREAM
  Parameters: {"id"=>"2"}
  [1m[36mEstudiante Load (0.1ms)[0m  [1m[34mSELECT "estudiantes".* FROM "estudiantes" WHERE "estudiantes"."id" = ? LIMIT ?[0m  [["id", 2], ["LIMIT", 1]]
  ↳ app/controllers/estudiantes_controller.rb:63:in `set_estudiante'
  Rendering layout layouts/application.html.erb
  Rendering estudiantes/show.html.erb within layouts/application
  Rendered estudiantes/_estudiante.html.erb (Duration: 0.1ms | GC: 0.0ms)
  Rendered estudiantes/show.html.erb within layouts/application (Duration: 1.7ms | GC: 0.0ms)
  Rendered layout layouts/application.html.erb (Duration: 4.1ms | GC: 0.0ms)
Completed 200 OK in 8ms (Views: 4.8ms | ActiveRecord: 0.1ms (1 query, 0 cached) | GC: 0.0ms)


Started GET "/estudiantes/2/edit" for ::1 at 2024-09-10 15:48:26 -0600
Processing by EstudiantesController#edit as HTML
  Parameters: {"id"=>"2"}
  [1m[36mEstudiante Load (0.1ms)[0m  [1m[34mSELECT "estudiantes".* FROM "estudiantes" WHERE "estudiantes"."id" = ? LIMIT ?[0m  [["id", 2], ["LIMIT", 1]]
  ↳ app/controllers/estudiantes_controller.rb:63:in `set_estudiante'
  Rendering layout layouts/application.html.erb
  Rendering estudiantes/edit.html.erb within layouts/application
  Rendered estudiantes/_form.html.erb (Duration: 6.1ms | GC: 0.0ms)
  Rendered estudiantes/edit.html.erb within layouts/application (Duration: 7.1ms | GC: 0.0ms)
  Rendered layout layouts/application.html.erb (Duration: 9.4ms | GC: 0.0ms)
Completed 200 OK in 12ms (Views: 10.0ms | ActiveRecord: 0.1ms (1 query, 0 cached) | GC: 0.0ms)


Started GET "/estudiantes" for ::1 at 2024-09-10 15:49:18 -0600
Processing by EstudiantesController#index as HTML
  Rendering layout layouts/application.html.erb
  Rendering estudiantes/index.html.erb within layouts/application
  [1m[36mEstudiante Load (0.1ms)[0m  [1m[34mSELECT "estudiantes".* FROM "estudiantes"[0m
  ↳ app/views/estudiantes/index.html.erb:8
  Rendered estudiantes/_estudiante.html.erb (Duration: 0.1ms | GC: 0.0ms)
  Rendered estudiantes/index.html.erb within layouts/application (Duration: 5.7ms | GC: 0.0ms)
  Rendered layout layouts/application.html.erb (Duration: 8.3ms | GC: 0.0ms)
Completed 200 OK in 10ms (Views: 8.8ms | ActiveRecord: 0.1ms (1 query, 0 cached) | GC: 0.0ms)


Started GET "/estudiantes" for ::1 at 2024-09-10 15:49:19 -0600
Processing by EstudiantesController#index as HTML
  Rendering layout layouts/application.html.erb
  Rendering estudiantes/index.html.erb within layouts/application
  [1m[36mEstudiante Load (0.2ms)[0m  [1m[34mSELECT "estudiantes".* FROM "estudiantes"[0m
  ↳ app/views/estudiantes/index.html.erb:8
  Rendered estudiantes/_estudiante.html.erb (Duration: 0.2ms | GC: 0.0ms)
  Rendered estudiantes/index.html.erb within layouts/application (Duration: 7.8ms | GC: 0.0ms)
  Rendered layout layouts/application.html.erb (Duration: 13.9ms | GC: 0.0ms)
Completed 200 OK in 18ms (Views: 16.2ms | ActiveRecord: 0.2ms (1 query, 0 cached) | GC: 0.0ms)


Started GET "/estudiantes/2" for ::1 at 2024-09-10 15:49:20 -0600
Processing by EstudiantesController#show as HTML
  Parameters: {"id"=>"2"}
  [1m[36mEstudiante Load (0.2ms)[0m  [1m[34mSELECT "estudiantes".* FROM "estudiantes" WHERE "estudiantes"."id" = ? LIMIT ?[0m  [["id", 2], ["LIMIT", 1]]
  ↳ app/controllers/estudiantes_controller.rb:63:in `set_estudiante'
  Rendering layout layouts/application.html.erb
  Rendering estudiantes/show.html.erb within layouts/application
  Rendered estudiantes/_estudiante.html.erb (Duration: 0.5ms | GC: 0.0ms)
  Rendered estudiantes/show.html.erb within layouts/application (Duration: 4.2ms | GC: 0.0ms)
  Rendered layout layouts/application.html.erb (Duration: 6.9ms | GC: 0.0ms)
Completed 200 OK in 12ms (Views: 7.6ms | ActiveRecord: 0.1ms (1 query, 0 cached) | GC: 0.0ms)


Started GET "/estudiantes/2" for ::1 at 2024-09-10 15:49:23 -0600
Processing by EstudiantesController#show as HTML
  Parameters: {"id"=>"2"}
  [1m[36mEstudiante Load (0.1ms)[0m  [1m[34mSELECT "estudiantes".* FROM "estudiantes" WHERE "estudiantes"."id" = ? LIMIT ?[0m  [["id", 2], ["LIMIT", 1]]
  ↳ app/controllers/estudiantes_controller.rb:63:in `set_estudiante'
  Rendering layout layouts/application.html.erb
  Rendering estudiantes/show.html.erb within layouts/application
  Rendered estudiantes/_estudiante.html.erb (Duration: 0.3ms | GC: 0.0ms)
  Rendered estudiantes/show.html.erb within layouts/application (Duration: 3.1ms | GC: 0.0ms)
  Rendered layout layouts/application.html.erb (Duration: 11.2ms | GC: 0.0ms)
Completed 200 OK in 16ms (Views: 12.2ms | ActiveRecord: 0.1ms (1 query, 0 cached) | GC: 0.0ms)


Started GET "/estudiantes/2" for ::1 at 2024-09-10 15:49:24 -0600
Processing by EstudiantesController#show as HTML
  Parameters: {"id"=>"2"}
  [1m[36mEstudiante Load (0.1ms)[0m  [1m[34mSELECT "estudiantes".* FROM "estudiantes" WHERE "estudiantes"."id" = ? LIMIT ?[0m  [["id", 2], ["LIMIT", 1]]
  ↳ app/controllers/estudiantes_controller.rb:63:in `set_estudiante'
  Rendering layout layouts/application.html.erb
  Rendering estudiantes/show.html.erb within layouts/application
  Rendered estudiantes/_estudiante.html.erb (Duration: 0.1ms | GC: 0.0ms)
  Rendered estudiantes/show.html.erb within layouts/application (Duration: 1.6ms | GC: 0.0ms)
  Rendered layout layouts/application.html.erb (Duration: 4.2ms | GC: 0.0ms)
Completed 200 OK in 7ms (Views: 5.1ms | ActiveRecord: 0.1ms (1 query, 0 cached) | GC: 0.0ms)


